mode: set
golang_template_source/controller/auth.go:17.73,19.2 1 0
golang_template_source/controller/auth.go:30.50,33.53 2 0
golang_template_source/controller/auth.go:33.53,36.3 2 0
golang_template_source/controller/auth.go:38.2,40.16 2 0
golang_template_source/controller/auth.go:40.16,43.3 2 0
golang_template_source/controller/auth.go:45.2,45.56 1 0
golang_template_source/controller/auth.go:57.53,60.50 2 0
golang_template_source/controller/auth.go:60.50,63.3 2 0
golang_template_source/controller/auth.go:65.2,69.16 2 0
golang_template_source/controller/auth.go:69.16,72.3 2 0
golang_template_source/controller/auth.go:74.2,74.60 1 0
golang_template_source/controller/auth.go:85.57,88.53 2 0
golang_template_source/controller/auth.go:88.53,91.3 2 0
golang_template_source/controller/auth.go:93.2,94.16 2 0
golang_template_source/controller/auth.go:94.16,97.3 2 0
golang_template_source/controller/auth.go:99.2,99.56 1 0
golang_template_source/controller/socket.go:27.42,29.3 1 0
golang_template_source/controller/socket.go:32.84,34.2 1 0
golang_template_source/controller/socket.go:36.66,40.16 4 0
golang_template_source/controller/socket.go:40.16,43.3 2 0
golang_template_source/controller/socket.go:44.2,50.6 5 0
golang_template_source/controller/socket.go:50.6,52.17 2 0
golang_template_source/controller/socket.go:52.17,54.9 2 0
golang_template_source/controller/socket.go:57.3,58.53 2 0
golang_template_source/controller/socket.go:58.53,60.12 2 0
golang_template_source/controller/socket.go:63.3,63.22 1 0
golang_template_source/controller/socket.go:64.17,65.104 1 0
golang_template_source/controller/socket.go:66.22,67.109 1 0
golang_template_source/controller/socket.go:68.18,69.135 1 0
golang_template_source/controller/socket.go:70.11,71.46 1 0
golang_template_source/controller/user.go:16.63,18.2 1 0
golang_template_source/controller/user.go:28.54,30.16 2 0
golang_template_source/controller/user.go:30.16,33.3 2 0
golang_template_source/controller/user.go:34.2,34.30 1 0
golang_template_source/controller/user.go:46.54,48.16 2 0
golang_template_source/controller/user.go:48.16,51.3 2 0
golang_template_source/controller/user.go:53.2,54.16 2 0
golang_template_source/controller/user.go:54.16,57.3 2 0
golang_template_source/controller/user.go:58.2,58.54 1 0
golang_template_source/controller/user.go:68.61,70.16 2 0
golang_template_source/controller/user.go:70.16,73.3 2 0
golang_template_source/controller/user.go:75.2,76.65 2 0
golang_template_source/controller/user.go:85.64,87.16 2 0
golang_template_source/controller/user.go:87.16,90.3 2 0
golang_template_source/controller/user.go:92.2,93.65 2 0
golang_template_source/controller/user.go:105.55,107.16 2 0
golang_template_source/controller/user.go:107.16,110.3 2 0
golang_template_source/controller/user.go:112.2,116.55 2 0
golang_template_source/controller/user.go:116.55,119.3 2 0
golang_template_source/controller/user.go:121.2,122.16 2 0
golang_template_source/controller/user.go:122.16,125.3 2 0
golang_template_source/controller/user.go:127.2,127.89 1 0
golang_template_source/repository/function.go:22.66,24.2 1 0
golang_template_source/repository/function.go:26.111,28.20 2 0
golang_template_source/repository/function.go:28.20,30.3 1 0
golang_template_source/repository/function.go:32.2,34.25 3 0
golang_template_source/repository/function.go:34.25,36.3 1 0
golang_template_source/repository/function.go:38.2,38.37 1 0
golang_template_source/repository/function.go:38.37,39.28 1 0
golang_template_source/repository/function.go:39.28,40.12 1 0
golang_template_source/repository/function.go:42.3,43.17 2 0
golang_template_source/repository/function.go:43.17,44.12 1 0
golang_template_source/repository/function.go:46.3,46.35 1 0
golang_template_source/repository/function.go:46.35,48.4 1 0
golang_template_source/repository/function.go:51.2,51.21 1 0
golang_template_source/repository/function.go:54.88,65.25 3 0
golang_template_source/repository/function.go:65.25,67.3 1 0
golang_template_source/repository/function.go:69.2,69.23 1 0
golang_template_source/repository/log.go:19.56,21.2 1 0
golang_template_source/repository/log.go:23.64,25.2 1 0
golang_template_source/repository/user.go:22.52,24.2 1 1
golang_template_source/repository/user.go:26.62,28.48 2 1
golang_template_source/repository/user.go:28.48,30.3 1 1
golang_template_source/repository/user.go:31.2,31.19 1 1
golang_template_source/repository/user.go:34.67,36.52 2 1
golang_template_source/repository/user.go:36.52,38.3 1 1
golang_template_source/repository/user.go:39.2,39.19 1 1
golang_template_source/repository/user.go:43.77,45.74 2 1
golang_template_source/repository/user.go:45.74,47.3 1 1
golang_template_source/repository/user.go:48.2,48.19 1 1
golang_template_source/repository/user.go:51.75,55.16 2 1
golang_template_source/repository/user.go:55.16,57.3 1 1
golang_template_source/repository/user.go:59.2,59.21 1 0
golang_template_source/repository/user.go:62.84,63.46 1 0
golang_template_source/repository/user.go:63.46,65.3 1 0
golang_template_source/repository/user.go:66.2,66.18 1 0
golang_template_source/usecase/auth.go:35.116,40.2 1 0
golang_template_source/usecase/auth.go:42.77,51.16 4 0
golang_template_source/usecase/auth.go:51.16,53.3 1 0
golang_template_source/usecase/auth.go:56.2,63.16 4 0
golang_template_source/usecase/auth.go:63.16,65.3 1 0
golang_template_source/usecase/auth.go:67.2,70.8 1 0
golang_template_source/usecase/auth.go:73.80,75.16 2 0
golang_template_source/usecase/auth.go:75.16,77.3 1 0
golang_template_source/usecase/auth.go:79.2,79.95 1 0
golang_template_source/usecase/auth.go:79.95,81.3 1 0
golang_template_source/usecase/auth.go:83.2,83.45 1 0
golang_template_source/usecase/auth.go:86.123,101.16 5 0
golang_template_source/usecase/auth.go:101.16,103.3 1 0
golang_template_source/usecase/auth.go:105.2,107.16 3 0
golang_template_source/usecase/auth.go:107.16,109.3 1 0
golang_template_source/usecase/auth.go:111.2,118.48 6 0
golang_template_source/usecase/auth.go:118.48,120.3 1 0
golang_template_source/usecase/auth.go:122.2,122.12 1 0
golang_template_source/usecase/auth.go:126.60,128.16 2 0
golang_template_source/usecase/auth.go:128.16,130.3 1 0
golang_template_source/usecase/auth.go:131.2,140.16 4 0
golang_template_source/usecase/auth.go:140.16,142.3 1 0
golang_template_source/usecase/auth.go:143.2,151.16 7 0
golang_template_source/usecase/auth.go:151.16,153.3 1 0
golang_template_source/usecase/auth.go:154.2,154.12 1 0
golang_template_source/usecase/auth.go:157.77,158.76 1 0
golang_template_source/usecase/auth.go:158.76,160.3 1 0
golang_template_source/usecase/auth.go:164.90,166.90 1 0
golang_template_source/usecase/auth.go:166.90,168.3 1 0
golang_template_source/usecase/auth.go:170.2,170.32 1 0
golang_template_source/usecase/auth.go:170.32,172.3 1 0
golang_template_source/usecase/auth.go:175.2,176.25 2 0
golang_template_source/usecase/auth.go:176.25,178.3 1 0
golang_template_source/usecase/auth.go:180.2,181.9 2 0
golang_template_source/usecase/auth.go:181.9,183.3 1 0
golang_template_source/usecase/auth.go:186.2,186.30 1 0
golang_template_source/usecase/user.go:25.65,27.2 1 1
golang_template_source/usecase/user.go:29.64,31.2 1 1
golang_template_source/usecase/user.go:33.68,35.16 2 1
golang_template_source/usecase/user.go:35.16,37.3 1 1
golang_template_source/usecase/user.go:38.2,38.18 1 1
golang_template_source/usecase/user.go:41.74,43.2 1 1
golang_template_source/usecase/user.go:45.58,47.15 2 0
golang_template_source/usecase/user.go:47.15,49.6 1 0
golang_template_source/usecase/user.go:50.2,50.12 1 0
golang_template_source/usecase/user.go:53.67,55.16 2 0
golang_template_source/usecase/user.go:55.16,57.3 1 0
golang_template_source/usecase/user.go:59.2,64.35 4 0
golang_template_source/usecase/user.go:64.35,67.3 2 0
golang_template_source/usecase/user.go:70.2,70.31 1 0
golang_template_source/usecase/user.go:70.31,76.3 5 0
golang_template_source/usecase/user.go:78.2,79.40 2 0
golang_template_source/usecase/user.go:79.40,81.3 1 0
golang_template_source/usecase/user.go:83.2,83.20 1 0
golang_template_source/usecase/user.go:87.70,90.16 2 0
golang_template_source/usecase/user.go:90.16,92.3 1 0
golang_template_source/usecase/user.go:93.2,97.16 3 0
golang_template_source/usecase/user.go:97.16,99.3 1 0
golang_template_source/usecase/user.go:101.2,104.29 3 0
golang_template_source/usecase/user.go:104.29,108.3 3 0
golang_template_source/usecase/user.go:111.2,112.40 2 0
golang_template_source/usecase/user.go:112.40,114.3 1 0
golang_template_source/usecase/user.go:116.2,116.20 1 0
golang_template_source/usecase/user.go:119.86,121.16 2 0
golang_template_source/usecase/user.go:121.16,123.3 1 0
golang_template_source/usecase/user.go:125.2,128.16 3 0
golang_template_source/usecase/user.go:128.16,130.3 1 0
golang_template_source/usecase/user.go:132.2,132.25 1 0
